running develop
running egg_info
creating robotics_vision_sim.egg-info
writing robotics_vision_sim.egg-info/PKG-INFO
writing dependency_links to robotics_vision_sim.egg-info/dependency_links.txt
writing entry points to robotics_vision_sim.egg-info/entry_points.txt
writing requirements to robotics_vision_sim.egg-info/requires.txt
writing top-level names to robotics_vision_sim.egg-info/top_level.txt
writing manifest file 'robotics_vision_sim.egg-info/SOURCES.txt'
reading manifest file 'robotics_vision_sim.egg-info/SOURCES.txt'
writing manifest file 'robotics_vision_sim.egg-info/SOURCES.txt'
running build_ext
Creating /home/yide/Workspace/robotics-vision-simulation/install/robotics_vision_sim/lib/python3.10/site-packages/robotics-vision-sim.egg-link (link to .)
Installing camera_tf_broadcaster script to /home/yide/Workspace/robotics-vision-simulation/install/robotics_vision_sim/lib/robotics_vision_sim
Installing pick_place_controller script to /home/yide/Workspace/robotics-vision-simulation/install/robotics_vision_sim/lib/robotics_vision_sim

Installed /home/yide/Workspace/robotics-vision-simulation/build/robotics_vision_sim
running symlink_data
creating /home/yide/Workspace/robotics-vision-simulation/install/robotics_vision_sim/share/ament_index
creating /home/yide/Workspace/robotics-vision-simulation/install/robotics_vision_sim/share/ament_index/resource_index
creating /home/yide/Workspace/robotics-vision-simulation/install/robotics_vision_sim/share/ament_index/resource_index/packages
symbolically linking /home/yide/Workspace/robotics-vision-simulation/build/robotics_vision_sim/resource/robotics_vision_sim -> /home/yide/Workspace/robotics-vision-simulation/install/robotics_vision_sim/share/ament_index/resource_index/packages
symbolically linking /home/yide/Workspace/robotics-vision-simulation/build/robotics_vision_sim/package.xml -> /home/yide/Workspace/robotics-vision-simulation/install/robotics_vision_sim/share/robotics_vision_sim
creating /home/yide/Workspace/robotics-vision-simulation/install/robotics_vision_sim/share/robotics_vision_sim/launch
symbolically linking /home/yide/Workspace/robotics-vision-simulation/build/robotics_vision_sim/launch/gazebo_ur3e.launch.py -> /home/yide/Workspace/robotics-vision-simulation/install/robotics_vision_sim/share/robotics_vision_sim/launch
creating /home/yide/Workspace/robotics-vision-simulation/install/robotics_vision_sim/share/robotics_vision_sim/config
symbolically linking /home/yide/Workspace/robotics-vision-simulation/build/robotics_vision_sim/config/ur_controllers.yaml -> /home/yide/Workspace/robotics-vision-simulation/install/robotics_vision_sim/share/robotics_vision_sim/config
creating /home/yide/Workspace/robotics-vision-simulation/install/robotics_vision_sim/share/robotics_vision_sim/urdf
symbolically linking /home/yide/Workspace/robotics-vision-simulation/build/robotics_vision_sim/urdf/camera.sdf -> /home/yide/Workspace/robotics-vision-simulation/install/robotics_vision_sim/share/robotics_vision_sim/urdf
symbolically linking /home/yide/Workspace/robotics-vision-simulation/build/robotics_vision_sim/urdf/camera.urdf.xacro -> /home/yide/Workspace/robotics-vision-simulation/install/robotics_vision_sim/share/robotics_vision_sim/urdf
