[0.331s] Invoking command in '/home/yide/Workspace/robotics-vision-simulation/build/robotics_vision_sim': PYTHONPATH=/home/yide/Workspace/robotics-vision-simulation/build/robotics_vision_sim/prefix_override:/usr/lib/python3/dist-packages/colcon_core/task/python/colcon_distutils_commands:/home/yide/Workspace/robotics-vision-simulation/install/robotics_vision_sim/lib/python3.10/site-packages:${PYTHONPATH} /usr/bin/python3 -W ignore:setup.py install is deprecated -W ignore:easy_install command is deprecated setup.py develop --editable --build-directory /home/yide/Workspace/robotics-vision-simulation/build/robotics_vision_sim/build --no-deps symlink_data
[0.468s] running develop
[0.548s] running egg_info
[0.548s] creating robotics_vision_sim.egg-info
[0.548s] writing robotics_vision_sim.egg-info/PKG-INFO
[0.548s] writing dependency_links to robotics_vision_sim.egg-info/dependency_links.txt
[0.548s] writing entry points to robotics_vision_sim.egg-info/entry_points.txt
[0.548s] writing requirements to robotics_vision_sim.egg-info/requires.txt
[0.548s] writing top-level names to robotics_vision_sim.egg-info/top_level.txt
[0.548s] writing manifest file 'robotics_vision_sim.egg-info/SOURCES.txt'
[0.549s] reading manifest file 'robotics_vision_sim.egg-info/SOURCES.txt'
[0.550s] writing manifest file 'robotics_vision_sim.egg-info/SOURCES.txt'
[0.550s] running build_ext
[0.551s] Creating /home/yide/Workspace/robotics-vision-simulation/install/robotics_vision_sim/lib/python3.10/site-packages/robotics-vision-sim.egg-link (link to .)
[0.551s] Installing camera_tf_broadcaster script to /home/yide/Workspace/robotics-vision-simulation/install/robotics_vision_sim/lib/robotics_vision_sim
[0.551s] Installing pick_place_controller script to /home/yide/Workspace/robotics-vision-simulation/install/robotics_vision_sim/lib/robotics_vision_sim
[0.551s] 
[0.551s] Installed /home/yide/Workspace/robotics-vision-simulation/build/robotics_vision_sim
[0.551s] running symlink_data
[0.551s] creating /home/yide/Workspace/robotics-vision-simulation/install/robotics_vision_sim/share/ament_index
[0.551s] creating /home/yide/Workspace/robotics-vision-simulation/install/robotics_vision_sim/share/ament_index/resource_index
[0.551s] creating /home/yide/Workspace/robotics-vision-simulation/install/robotics_vision_sim/share/ament_index/resource_index/packages
[0.551s] symbolically linking /home/yide/Workspace/robotics-vision-simulation/build/robotics_vision_sim/resource/robotics_vision_sim -> /home/yide/Workspace/robotics-vision-simulation/install/robotics_vision_sim/share/ament_index/resource_index/packages
[0.551s] symbolically linking /home/yide/Workspace/robotics-vision-simulation/build/robotics_vision_sim/package.xml -> /home/yide/Workspace/robotics-vision-simulation/install/robotics_vision_sim/share/robotics_vision_sim
[0.551s] creating /home/yide/Workspace/robotics-vision-simulation/install/robotics_vision_sim/share/robotics_vision_sim/launch
[0.551s] symbolically linking /home/yide/Workspace/robotics-vision-simulation/build/robotics_vision_sim/launch/gazebo_ur3e.launch.py -> /home/yide/Workspace/robotics-vision-simulation/install/robotics_vision_sim/share/robotics_vision_sim/launch
[0.551s] creating /home/yide/Workspace/robotics-vision-simulation/install/robotics_vision_sim/share/robotics_vision_sim/config
[0.552s] symbolically linking /home/yide/Workspace/robotics-vision-simulation/build/robotics_vision_sim/config/ur_controllers.yaml -> /home/yide/Workspace/robotics-vision-simulation/install/robotics_vision_sim/share/robotics_vision_sim/config
[0.552s] creating /home/yide/Workspace/robotics-vision-simulation/install/robotics_vision_sim/share/robotics_vision_sim/urdf
[0.552s] symbolically linking /home/yide/Workspace/robotics-vision-simulation/build/robotics_vision_sim/urdf/camera.sdf -> /home/yide/Workspace/robotics-vision-simulation/install/robotics_vision_sim/share/robotics_vision_sim/urdf
[0.552s] symbolically linking /home/yide/Workspace/robotics-vision-simulation/build/robotics_vision_sim/urdf/camera.urdf.xacro -> /home/yide/Workspace/robotics-vision-simulation/install/robotics_vision_sim/share/robotics_vision_sim/urdf
[0.567s] Invoked command in '/home/yide/Workspace/robotics-vision-simulation/build/robotics_vision_sim' returned '0': PYTHONPATH=/home/yide/Workspace/robotics-vision-simulation/build/robotics_vision_sim/prefix_override:/usr/lib/python3/dist-packages/colcon_core/task/python/colcon_distutils_commands:/home/yide/Workspace/robotics-vision-simulation/install/robotics_vision_sim/lib/python3.10/site-packages:${PYTHONPATH} /usr/bin/python3 -W ignore:setup.py install is deprecated -W ignore:easy_install command is deprecated setup.py develop --editable --build-directory /home/yide/Workspace/robotics-vision-simulation/build/robotics_vision_sim/build --no-deps symlink_data
